<?xml version="1.0" encoding="UTF-8"?>
<!-- Generated by org.testng.reporters.JUnitReportReporter -->
<testsuite hostname="DESKTOP-M3PTS2O" failures="0" tests="2" name="disha.Demo1$LoginTest" time="0.023" errors="0" timestamp="2023-10-25T17:29:39 IST" skipped="0">
  <testcase classname="disha.Demo1$LoginTest" name="Alogouttest" time="0.018"/>
  <testcase classname="disha.Demo1$LoginTest" name="Blogintest" time="0.005"/>
</testsuite> <!-- disha.Demo1$LoginTest -->
