<?xml version="1.0" encoding="UTF-8"?>
<!-- Generated by org.testng.reporters.JUnitReportReporter -->
<testsuite hostname="DESKTOP-M3PTS2O" failures="0" tests="2" name="disha.ActExpecTitle$LoginTest" time="0.013" errors="0" timestamp="2023-10-25T13:00:39 IST" skipped="0">
  <testcase classname="disha.ActExpecTitle$LoginTest" name="Alogouttest" time="0.011"/>
  <testcase classname="disha.ActExpecTitle$LoginTest" name="Blogintest" time="0.002"/>
</testsuite> <!-- disha.ActExpecTitle$LoginTest -->
